Using pre-set license
Built from '2022.3/staging' branch; Version is '2022.3.34f1 (4886f5360533) revision 4753141'; Using compiler version '192829333'; Build Type 'Release'
OS: 'Windows 11  (10.0.22631) 64bit Professional' Language: 'en' Physical Memory: 130841 MB
BatchMode: 1, IsHumanControllingUs: 0, StartBugReporterOnCrash: 0, Is64bit: 1, IsPro: 1

COMMAND LINE ARGUMENTS:
C:\Program Files\Unity\Hub\Editor\2022.3.34f1\Editor\Unity.exe
-adb2
-batchMode
-noUpm
-name
AssetImportWorker1
-projectPath
D:/Unity Projects/BarnyardBlitz_02/BarnyardBlitz_02
-logFile
Logs/AssetImportWorker1.log
-srvPort
57408
Successfully changed project path to: D:/Unity Projects/BarnyardBlitz_02/BarnyardBlitz_02
D:/Unity Projects/BarnyardBlitz_02/BarnyardBlitz_02
[UnityMemory] Configuration Parameters - Can be set up in boot.config
    "memorysetup-bucket-allocator-granularity=16"
    "memorysetup-bucket-allocator-bucket-count=8"
    "memorysetup-bucket-allocator-block-size=33554432"
    "memorysetup-bucket-allocator-block-count=8"
    "memorysetup-main-allocator-block-size=16777216"
    "memorysetup-thread-allocator-block-size=16777216"
    "memorysetup-gfx-main-allocator-block-size=16777216"
    "memorysetup-gfx-thread-allocator-block-size=16777216"
    "memorysetup-cache-allocator-block-size=4194304"
    "memorysetup-typetree-allocator-block-size=2097152"
    "memorysetup-profiler-bucket-allocator-granularity=16"
    "memorysetup-profiler-bucket-allocator-bucket-count=8"
    "memorysetup-profiler-bucket-allocator-block-size=33554432"
    "memorysetup-profiler-bucket-allocator-block-count=8"
    "memorysetup-profiler-allocator-block-size=16777216"
    "memorysetup-profiler-editor-allocator-block-size=1048576"
    "memorysetup-temp-allocator-size-main=16777216"
    "memorysetup-job-temp-allocator-block-size=2097152"
    "memorysetup-job-temp-allocator-block-size-background=1048576"
    "memorysetup-job-temp-allocator-reduction-small-platforms=262144"
    "memorysetup-allocator-temp-initial-block-size-main=262144"
    "memorysetup-allocator-temp-initial-block-size-worker=262144"
    "memorysetup-temp-allocator-size-background-worker=32768"
    "memorysetup-temp-allocator-size-job-worker=262144"
    "memorysetup-temp-allocator-size-preload-manager=33554432"
    "memorysetup-temp-allocator-size-nav-mesh-worker=65536"
    "memorysetup-temp-allocator-size-audio-worker=65536"
    "memorysetup-temp-allocator-size-cloud-worker=32768"
    "memorysetup-temp-allocator-size-gi-baking-worker=262144"
    "memorysetup-temp-allocator-size-gfx=262144"
Player connection [16460] Host "[IP] 192.168.50.125 [Port] 0 [Flags] 2 [Guid] 3781528342 [EditorId] 3781528342 [Version] 1048832 [Id] WindowsEditor(7,Kylo-Ren) [Debug] 1 [PackageName] WindowsEditor [ProjectName] Editor" joined multi-casting on [225.0.0.222:54997]...

Player connection [16460] Host "[IP] 192.168.50.125 [Port] 0 [Flags] 2 [Guid] 3781528342 [EditorId] 3781528342 [Version] 1048832 [Id] WindowsEditor(7,Kylo-Ren) [Debug] 1 [PackageName] WindowsEditor [ProjectName] Editor" joined alternative multi-casting on [225.0.0.222:34997]...

[PhysX] Initialized MultithreadedTaskDispatcher with 32 workers.
Refreshing native plugins compatible for Editor in 3.71 ms, found 3 plugins.
Preloading 0 native plugins for Editor in 0.00 ms.
Initialize engine version: 2022.3.34f1 (4886f5360533)
[Subsystems] Discovering subsystems at path C:/Program Files/Unity/Hub/Editor/2022.3.34f1/Editor/Data/Resources/UnitySubsystems
[Subsystems] Discovering subsystems at path D:/Unity Projects/BarnyardBlitz_02/BarnyardBlitz_02/Assets
GfxDevice: creating device client; threaded=0; jobified=0
Direct3D:
    Version:  Direct3D 11.0 [level 11.1]
    Renderer: NVIDIA GeForce RTX 4070 (ID=0x2786)
    Vendor:   NVIDIA
    VRAM:     12012 MB
    Driver:   32.0.15.6094
Initialize mono
Mono path[0] = 'C:/Program Files/Unity/Hub/Editor/2022.3.34f1/Editor/Data/Managed'
Mono path[1] = 'C:/Program Files/Unity/Hub/Editor/2022.3.34f1/Editor/Data/MonoBleedingEdge/lib/mono/unityjit-win32'
Mono config path = 'C:/Program Files/Unity/Hub/Editor/2022.3.34f1/Editor/Data/MonoBleedingEdge/etc'
Using monoOptions --debugger-agent=transport=dt_socket,embedding=1,server=y,suspend=n,address=127.0.0.1:56272
Begin MonoManager ReloadAssembly
Registering precompiled unity dll's ...
Register platform support module: C:/Program Files/Unity/Hub/Editor/2022.3.34f1/Editor/Data/PlaybackEngines/WebGLSupport/UnityEditor.WebGL.Extensions.dll
Register platform support module: C:/Program Files/Unity/Hub/Editor/2022.3.34f1/Editor/Data/PlaybackEngines/AndroidPlayer/UnityEditor.Android.Extensions.dll
Register platform support module: C:/Program Files/Unity/Hub/Editor/2022.3.34f1/Editor/Data/PlaybackEngines/iOSSupport/UnityEditor.iOS.Extensions.dll
Register platform support module: C:/Program Files/Unity/Hub/Editor/2022.3.34f1/Editor/Data/PlaybackEngines/WindowsStandaloneSupport/UnityEditor.WindowsStandalone.Extensions.dll
Registered in 0.006990 seconds.
- Loaded All Assemblies, in  0.210 seconds
Native extension for WindowsStandalone target not found
[usbmuxd] Start listen thread
[usbmuxd] Listen thread started
Native extension for iOS target not found
Native extension for Android target not found
Android Extension - Scanning For ADB Devices 160 ms
Native extension for WebGL target not found
Mono: successfully reloaded assembly
- Finished resetting the current domain, in  0.360 seconds
Domain Reload Profiling: 569ms
	BeginReloadAssembly (61ms)
		ExecutionOrderSort (0ms)
		DisableScriptedObjects (0ms)
		BackupInstance (0ms)
		ReleaseScriptingObjects (0ms)
		CreateAndSetChildDomain (0ms)
	RebuildCommonClasses (19ms)
	RebuildNativeTypeToScriptingClass (6ms)
	initialDomainReloadingComplete (36ms)
	LoadAllAssembliesAndSetupDomain (88ms)
		LoadAssemblies (60ms)
		RebuildTransferFunctionScriptingTraits (0ms)
		AnalyzeDomain (86ms)
			TypeCache.Refresh (86ms)
				TypeCache.ScanAssembly (77ms)
			ScanForSourceGeneratedMonoScriptInfo (0ms)
			ResolveRequiredComponents (0ms)
	FinalizeReload (360ms)
		ReleaseScriptCaches (0ms)
		RebuildScriptCaches (0ms)
		SetupLoadedEditorAssemblies (327ms)
			LogAssemblyErrors (0ms)
			InitializePlatformSupportModulesInManaged (238ms)
			SetLoadedEditorAssemblies (2ms)
			RefreshPlugins (0ms)
			BeforeProcessingInitializeOnLoad (1ms)
			ProcessInitializeOnLoadAttributes (61ms)
			ProcessInitializeOnLoadMethodAttributes (25ms)
			AfterProcessingInitializeOnLoad (0ms)
			EditorAssembliesLoaded (0ms)
		ExecutionOrderSort2 (0ms)
		AwakeInstancesAfterBackupRestoration (0ms)
========================================================================
Worker process is ready to serve import requests
Begin MonoManager ReloadAssembly
- Loaded All Assemblies, in  0.360 seconds
Refreshing native plugins compatible for Editor in 2.47 ms, found 3 plugins.
Native extension for WindowsStandalone target not found
Native extension for iOS target not found
Native extension for Android target not found
Native extension for WebGL target not found
Package Manager log level set to [2]
[Package Manager] Server::EnsureServerProcessIsRunning -- launch failed, reason: Unity was launched with the -noUpm command-line argument
[Package Manager] UpmClient::Send -- Unable to send message (not connected to UPM process).
[Package Manager] Cannot connect to Unity Package Manager local server
Mono: successfully reloaded assembly
- Finished resetting the current domain, in  0.338 seconds
Domain Reload Profiling: 696ms
	BeginReloadAssembly (85ms)
		ExecutionOrderSort (0ms)
		DisableScriptedObjects (3ms)
		BackupInstance (0ms)
		ReleaseScriptingObjects (0ms)
		CreateAndSetChildDomain (13ms)
	RebuildCommonClasses (19ms)
	RebuildNativeTypeToScriptingClass (6ms)
	initialDomainReloadingComplete (24ms)
	LoadAllAssembliesAndSetupDomain (224ms)
		LoadAssemblies (170ms)
		RebuildTransferFunctionScriptingTraits (0ms)
		AnalyzeDomain (104ms)
			TypeCache.Refresh (91ms)
				TypeCache.ScanAssembly (81ms)
			ScanForSourceGeneratedMonoScriptInfo (8ms)
			ResolveRequiredComponents (4ms)
	FinalizeReload (338ms)
		ReleaseScriptCaches (0ms)
		RebuildScriptCaches (0ms)
		SetupLoadedEditorAssemblies (246ms)
			LogAssemblyErrors (0ms)
			InitializePlatformSupportModulesInManaged (22ms)
			SetLoadedEditorAssemblies (2ms)
			RefreshPlugins (0ms)
			BeforeProcessingInitializeOnLoad (31ms)
			ProcessInitializeOnLoadAttributes (177ms)
			ProcessInitializeOnLoadMethodAttributes (11ms)
			AfterProcessingInitializeOnLoad (4ms)
			EditorAssembliesLoaded (0ms)
		ExecutionOrderSort2 (0ms)
		AwakeInstancesAfterBackupRestoration (4ms)
Launched and connected shader compiler UnityShaderCompiler.exe after 0.03 seconds
Refreshing native plugins compatible for Editor in 1.42 ms, found 3 plugins.
Preloading 0 native plugins for Editor in 0.00 ms.
Unloading 3392 Unused Serialized files (Serialized files now loaded: 0)
Unloading 33 unused Assets / (58.4 KB). Loaded Objects now: 3861.
Memory consumption went from 137.5 MB to 137.5 MB.
Total: 1.985600 ms (FindLiveObjects: 0.160200 ms CreateObjectMapping: 0.049700 ms MarkObjects: 1.689800 ms  DeleteObjects: 0.085400 ms)

AssetImportParameters requested are different than current active one (requested -> active):
  custom:container-demuxer-ogg: 62fdf1f143b41e24485cea50d1cbac27 -> 
  custom:video-codec-MediaFoundation-h265: 746d11721c4dcdbdad8f713fa42b33f4 -> 
  custom:video-decoder-ogg-theora: a1e56fd34408186e4bbccfd4996cb3dc -> 
  custom:framework-win-MediaFoundation: 216162199b28c13a410421893ffa2e32 -> 
  custom:CustomObjectIndexerAttribute: 9a22284fe3817be447336de3de66b15e -> 
  custom:container-demuxer-webm: 4f35f7cbe854078d1ac9338744f61a02 -> 
  custom:container-muxer-webm: aa71ff27fc2769a1b78a27578f13a17b -> 
  custom:video-decoder-webm-vp8: 9c59270c3fd7afecdb556c50c9e8de78 -> 
  custom:SearchIndexIgnoredProperties: e643bd26f0fe6173181afceb89e7c659 -> 
  custom:AudioImporter_EditorPlatform: d09bf68614088b80899f8185d706f6e7 -> 
  custom:video-encoder-webm-vp8: eb34c28f22e8b96e1ab97ce403110664 -> 
  custom:audio-decoder-ogg-vorbis: bf7c407c2cedff20999df2af8eb42d56 -> 
  custom:audio-encoder-webm-vorbis: bf7c407c2cedff20999df2af8eb42d56 -> 
========================================================================
Received Import Request.
  Time since last request: 9855.299976 seconds.
  path: Assets/Farm Hen Cute Series/Prefabs/Farm Hen.prefab
  artifactKey: Guid(6255b78c3f41147409e72de53a884638) Importer(815301076,1909f56bfc062723c751e8b465ee728b)
Start importing Assets/Farm Hen Cute Series/Prefabs/Farm Hen.prefab using Guid(6255b78c3f41147409e72de53a884638) Importer(815301076,1909f56bfc062723c751e8b465ee728b) [PhysX] Initialized MultithreadedTaskDispatcher with 32 workers.
[PhysX] Initialized MultithreadedTaskDispatcher with 32 workers.
 -> (artifact id: '6ea4a6c0e42b44c996b9ee2b37b9cf8c') in 0.060579 seconds
Number of updated asset objects reloaded before import = 0
Number of asset objects unloaded after import = 136
========================================================================
Received Import Request.
  Time since last request: 378.719151 seconds.
  path: Assets/ShmupBoss/Prefabs/Demos/BarnyardBlitz/Cow.prefab
  artifactKey: Guid(bd31011fb1e3426438e86c41fda9bb58) Importer(815301076,1909f56bfc062723c751e8b465ee728b)
Start importing Assets/ShmupBoss/Prefabs/Demos/BarnyardBlitz/Cow.prefab using Guid(bd31011fb1e3426438e86c41fda9bb58) Importer(815301076,1909f56bfc062723c751e8b465ee728b) [PhysX] Initialized MultithreadedTaskDispatcher with 32 workers.
[PhysX] Initialized MultithreadedTaskDispatcher with 32 workers.
 -> (artifact id: '08b3ac875444cfd40e0f3ac0e899d968') in 0.028049 seconds
Number of updated asset objects reloaded before import = 0
Number of asset objects unloaded after import = 272
========================================================================
Received Import Request.
  Time since last request: 0.000029 seconds.
  path: Assets/ShmupBoss/Prefabs/Demos/BarnyardBlitz/Curve3_ZigZag Variant.prefab
  artifactKey: Guid(79bacd2c92c1bb54aad29229bff27e0d) Importer(815301076,1909f56bfc062723c751e8b465ee728b)
Start importing Assets/ShmupBoss/Prefabs/Demos/BarnyardBlitz/Curve3_ZigZag Variant.prefab using Guid(79bacd2c92c1bb54aad29229bff27e0d) Importer(815301076,1909f56bfc062723c751e8b465ee728b) [PhysX] Initialized MultithreadedTaskDispatcher with 32 workers.
[PhysX] Initialized MultithreadedTaskDispatcher with 32 workers.
 -> (artifact id: '14ee414a60f6f6268e0671fa1e360a55') in 0.189233 seconds
Number of updated asset objects reloaded before import = 0
Number of asset objects unloaded after import = 622
========================================================================
Received Import Request.
  Time since last request: 0.000025 seconds.
  path: Assets/ShmupBoss/Prefabs/Demos/BarnyardBlitz/Curve01.prefab
  artifactKey: Guid(e6733c605b30d6d4d9eae9573df5153d) Importer(815301076,1909f56bfc062723c751e8b465ee728b)
Start importing Assets/ShmupBoss/Prefabs/Demos/BarnyardBlitz/Curve01.prefab using Guid(e6733c605b30d6d4d9eae9573df5153d) Importer(815301076,1909f56bfc062723c751e8b465ee728b) [PhysX] Initialized MultithreadedTaskDispatcher with 32 workers.
[PhysX] Initialized MultithreadedTaskDispatcher with 32 workers.
 -> (artifact id: '906671607c6efcc7f427e905a11ee371') in 0.051291 seconds
Number of updated asset objects reloaded before import = 0
Number of asset objects unloaded after import = 543
========================================================================
Received Import Request.
  Time since last request: 0.000017 seconds.
  path: Assets/ShmupBoss/Prefabs/Demos/BarnyardBlitz/Curve2_InvertedLMirrored 1.prefab
  artifactKey: Guid(95dff590b6a13c2449ecf98191b4c860) Importer(815301076,1909f56bfc062723c751e8b465ee728b)
Start importing Assets/ShmupBoss/Prefabs/Demos/BarnyardBlitz/Curve2_InvertedLMirrored 1.prefab using Guid(95dff590b6a13c2449ecf98191b4c860) Importer(815301076,1909f56bfc062723c751e8b465ee728b) [PhysX] Initialized MultithreadedTaskDispatcher with 32 workers.
[PhysX] Initialized MultithreadedTaskDispatcher with 32 workers.
 -> (artifact id: '87f8d59c610565f94649018c2ebe33c4') in 0.040858 seconds
Number of updated asset objects reloaded before import = 0
Number of asset objects unloaded after import = 359
========================================================================
Received Import Request.
  Time since last request: 0.000015 seconds.
  path: Assets/ShmupBoss/Prefabs/Demos/BarnyardBlitz/Simple.prefab
  artifactKey: Guid(37dfd9ad501c3924cab149d336700a8a) Importer(815301076,1909f56bfc062723c751e8b465ee728b)
Start importing Assets/ShmupBoss/Prefabs/Demos/BarnyardBlitz/Simple.prefab using Guid(37dfd9ad501c3924cab149d336700a8a) Importer(815301076,1909f56bfc062723c751e8b465ee728b) [PhysX] Initialized MultithreadedTaskDispatcher with 32 workers.
[PhysX] Initialized MultithreadedTaskDispatcher with 32 workers.
 -> (artifact id: '26b7fd01c01735d74ce961aad1fda6bd') in 0.074806 seconds
Number of updated asset objects reloaded before import = 0
Number of asset objects unloaded after import = 548
========================================================================
Received Import Request.
  Time since last request: 7.566992 seconds.
  path: Assets/ShmupBoss/Prefabs/Demos/BarnyardBlitz/Curve01.prefab
  artifactKey: Guid(e6733c605b30d6d4d9eae9573df5153d) Importer(815301076,1909f56bfc062723c751e8b465ee728b)
Start importing Assets/ShmupBoss/Prefabs/Demos/BarnyardBlitz/Curve01.prefab using Guid(e6733c605b30d6d4d9eae9573df5153d) Importer(815301076,1909f56bfc062723c751e8b465ee728b) [PhysX] Initialized MultithreadedTaskDispatcher with 32 workers.
[PhysX] Initialized MultithreadedTaskDispatcher with 32 workers.
 -> (artifact id: '950c8b135c2d90f8d32b9f7299136f5d') in 0.046637 seconds
Number of updated asset objects reloaded before import = 0
Number of asset objects unloaded after import = 543
========================================================================
Received Import Request.
  Time since last request: 0.000018 seconds.
  path: Assets/ShmupBoss/Prefabs/Demos/BarnyardBlitz/Curve02.prefab
  artifactKey: Guid(be568cc3c7f1e644e8fb77afcaf677a8) Importer(815301076,1909f56bfc062723c751e8b465ee728b)
Start importing Assets/ShmupBoss/Prefabs/Demos/BarnyardBlitz/Curve02.prefab using Guid(be568cc3c7f1e644e8fb77afcaf677a8) Importer(815301076,1909f56bfc062723c751e8b465ee728b) [PhysX] Initialized MultithreadedTaskDispatcher with 32 workers.
[PhysX] Initialized MultithreadedTaskDispatcher with 32 workers.
 -> (artifact id: 'dff45da4acd30197fe78645cb1c3fb3e') in 0.045200 seconds
Number of updated asset objects reloaded before import = 0
Number of asset objects unloaded after import = 523
========================================================================
Received Import Request.
  Time since last request: 0.000022 seconds.
  path: Assets/ShmupBoss/Prefabs/Demos/BarnyardBlitz/InsectSideSpawnable 1.prefab
  artifactKey: Guid(322eb060155040f4a88fa29510bb7b50) Importer(815301076,1909f56bfc062723c751e8b465ee728b)
Start importing Assets/ShmupBoss/Prefabs/Demos/BarnyardBlitz/InsectSideSpawnable 1.prefab using Guid(322eb060155040f4a88fa29510bb7b50) Importer(815301076,1909f56bfc062723c751e8b465ee728b) [PhysX] Initialized MultithreadedTaskDispatcher with 32 workers.
[PhysX] Initialized MultithreadedTaskDispatcher with 32 workers.
 -> (artifact id: 'ff577bbb0143c7d83789eec6641c0cbf') in 0.042944 seconds
Number of updated asset objects reloaded before import = 0
Number of asset objects unloaded after import = 534
Editor requested this worker to shutdown with reason: Scaling down because of idle timeout
TcpMessagingSession - receive error: operation aborted. errorcode: 995, details: The I/O operation has been aborted because of either a thread exit or an application request.
AssetImportWorker is now disconnected from the server
Process exiting
Exiting without the bug reporter. Application will terminate with return code 0